build/app/intermediates/manifest_merge_blame_file/release/processReleaseMainManifest/manifest-merger-blame-release-report.txt
1<?xml version="1.0" encoding="utf-8"?>
2<manifest xmlns:android="http://schemas.android.com/apk/res/android"
3    package="com.catchy.fabricmarket"
4    android:versionCode="1"
5    android:versionName="1.0.0" >
6
7    <uses-sdk
8        android:minSdkVersion="23"
9        android:targetSdkVersion="35" />
10
11    <!-- Permissions -->
12
13    <uses-permission android:name="android.permission.INTERNET" />
13-->src\main\AndroidManifest.xml:44:5-67
13-->src\main\AndroidManifest.xml:44:22-64
14    <uses-permission android:name="android.permission.ACCESS_NETWORK_STATE" />
14-->[:firebase_analytics] AndroidManifest.xml:7:5-79
14-->[:firebase_analytics] AndroidManifest.xml:7:22-76
15    <uses-permission android:name="android.permission.WAKE_LOCK" /> <!-- Permissions options for the `notification` group -->
15-->[:firebase_analytics] AndroidManifest.xml:9:5-68
15-->[:firebase_analytics] AndroidManifest.xml:9:22-65
16    <uses-permission android:name="android.permission.POST_NOTIFICATIONS" />
16-->[:firebase_messaging] AndroidManifest.xml:11:5-77
16-->[:firebase_messaging] AndroidManifest.xml:11:22-74
17    <uses-permission android:name="android.permission.VIBRATE" />
17-->[:flutter_local_notifications] AndroidManifest.xml:7:5-66
17-->[:flutter_local_notifications] AndroidManifest.xml:7:22-63
18    <uses-permission android:name="android.permission.USE_BIOMETRIC" /> <!-- suppress DeprecatedClassUsageInspection -->
18-->[:local_auth_android] AndroidManifest.xml:7:5-72
18-->[:local_auth_android] AndroidManifest.xml:7:22-69
19    <uses-permission android:name="android.permission.USE_FINGERPRINT" /> <!-- Required by older versions of Google Play services to create IID tokens -->
19-->[androidx.biometric:biometric:1.1.0] AndroidManifest.xml:27:5-74
19-->[androidx.biometric:biometric:1.1.0] AndroidManifest.xml:27:22-71
20    <uses-permission android:name="com.google.android.c2dm.permission.RECEIVE" />
20-->[com.google.firebase:firebase-iid:21.1.0] AndroidManifest.xml:26:5-82
20-->[com.google.firebase:firebase-iid:21.1.0] AndroidManifest.xml:26:22-79
21    <uses-permission android:name="com.google.android.finsky.permission.BIND_GET_INSTALL_REFERRER_SERVICE" />
21-->[com.google.android.gms:play-services-measurement:23.0.0] AndroidManifest.xml:26:5-110
21-->[com.google.android.gms:play-services-measurement:23.0.0] AndroidManifest.xml:26:22-107
22    <uses-permission android:name="com.google.android.gms.permission.AD_ID" />
22-->[com.google.android.gms:play-services-measurement-api:23.0.0] AndroidManifest.xml:25:5-79
22-->[com.google.android.gms:play-services-measurement-api:23.0.0] AndroidManifest.xml:25:22-76
23    <uses-permission android:name="android.permission.ACCESS_ADSERVICES_ATTRIBUTION" />
23-->[com.google.android.gms:play-services-measurement-api:23.0.0] AndroidManifest.xml:26:5-88
23-->[com.google.android.gms:play-services-measurement-api:23.0.0] AndroidManifest.xml:26:22-85
24    <uses-permission android:name="android.permission.ACCESS_ADSERVICES_AD_ID" />
24-->[com.google.android.gms:play-services-measurement-api:23.0.0] AndroidManifest.xml:27:5-82
24-->[com.google.android.gms:play-services-measurement-api:23.0.0] AndroidManifest.xml:27:22-79
25    <uses-permission android:name="com.google.android.providers.gsf.permission.READ_GSERVICES" />
25-->[com.google.android.recaptcha:recaptcha:18.6.1] AndroidManifest.xml:9:5-98
25-->[com.google.android.recaptcha:recaptcha:18.6.1] AndroidManifest.xml:9:22-95
26
27    <permission
27-->[androidx.core:core:1.13.1] AndroidManifest.xml:22:5-24:47
28        android:name="com.catchy.fabricmarket.DYNAMIC_RECEIVER_NOT_EXPORTED_PERMISSION"
28-->[androidx.core:core:1.13.1] AndroidManifest.xml:23:9-81
29        android:protectionLevel="signature" />
29-->[androidx.core:core:1.13.1] AndroidManifest.xml:24:9-44
30
31    <uses-permission android:name="com.catchy.fabricmarket.DYNAMIC_RECEIVER_NOT_EXPORTED_PERMISSION" />
31-->[androidx.core:core:1.13.1] AndroidManifest.xml:26:5-97
31-->[androidx.core:core:1.13.1] AndroidManifest.xml:26:22-94
32
33    <application
33-->src\main\AndroidManifest.xml:3:5-40:19
34        android:allowBackup="true"
34-->src\main\AndroidManifest.xml:4:9-35
35        android:appComponentFactory="androidx.core.app.CoreComponentFactory"
35-->[androidx.core:core:1.13.1] AndroidManifest.xml:28:18-86
36        android:extractNativeLibs="false"
37        android:icon="@mipmap/ic_launcher"
37-->src\main\AndroidManifest.xml:5:9-43
38        android:label="@string/app_name"
38-->src\main\AndroidManifest.xml:6:9-41
39        android:roundIcon="@mipmap/ic_launcher_round"
39-->src\main\AndroidManifest.xml:7:9-54
40        android:supportsRtl="true"
40-->src\main\AndroidManifest.xml:8:9-35
41        android:theme="@style/AppTheme" >
41-->src\main\AndroidManifest.xml:9:9-40
42
43        <!-- Flutter v2 embedding meta-data -->
44        <meta-data
44-->src\main\AndroidManifest.xml:12:9-14:33
45            android:name="flutterEmbedding"
45-->src\main\AndroidManifest.xml:13:13-44
46            android:value="2" />
46-->src\main\AndroidManifest.xml:14:13-30
47
48        <activity
48-->src\main\AndroidManifest.xml:16:9-29:20
49            android:name="com.example.catchey.MainActivity"
49-->src\main\AndroidManifest.xml:18:13-41
50            android:configChanges="orientation|keyboardHidden|keyboard|screenSize|locale|smallestScreenSize|screenLayout|uiMode|navigation"
50-->src\main\AndroidManifest.xml:17:13-140
51            android:exported="true"
51-->src\main\AndroidManifest.xml:22:13-36
52            android:label="@string/title_activity_main"
52-->src\main\AndroidManifest.xml:19:13-56
53            android:launchMode="singleTask"
53-->src\main\AndroidManifest.xml:21:13-44
54            android:theme="@style/AppTheme.NoActionBarLaunch" >
54-->src\main\AndroidManifest.xml:20:13-62
55            <intent-filter>
55-->src\main\AndroidManifest.xml:24:13-27:29
56                <action android:name="android.intent.action.MAIN" />
56-->src\main\AndroidManifest.xml:25:17-69
56-->src\main\AndroidManifest.xml:25:25-66
57
58                <category android:name="android.intent.category.LAUNCHER" />
58-->src\main\AndroidManifest.xml:26:17-77
58-->src\main\AndroidManifest.xml:26:27-74
59            </intent-filter>
60        </activity>
61
62        <provider
63            android:name="androidx.core.content.FileProvider"
63-->src\main\AndroidManifest.xml:32:13-62
64            android:authorities="com.catchy.fabricmarket.fileprovider"
64-->src\main\AndroidManifest.xml:33:13-64
65            android:exported="false"
65-->src\main\AndroidManifest.xml:34:13-37
66            android:grantUriPermissions="true" >
66-->src\main\AndroidManifest.xml:35:13-47
67            <meta-data
67-->src\main\AndroidManifest.xml:36:13-38:64
68                android:name="android.support.FILE_PROVIDER_PATHS"
68-->src\main\AndroidManifest.xml:37:17-67
69                android:resource="@xml/file_paths" />
69-->src\main\AndroidManifest.xml:38:17-51
70        </provider>
71
72        <service
72-->[:cloud_functions] AndroidManifest.xml:8:9-12:19
73            android:name="com.google.firebase.components.ComponentDiscoveryService"
73-->[:cloud_functions] AndroidManifest.xml:8:18-89
74            android:directBootAware="true"
74-->[com.google.firebase:firebase-common:22.0.0] AndroidManifest.xml:32:13-43
75            android:exported="false" >
75-->[com.google.firebase:firebase-crashlytics:20.0.0] AndroidManifest.xml:14:13-37
76            <meta-data
76-->[:cloud_functions] AndroidManifest.xml:9:13-11:85
77                android:name="com.google.firebase.components:io.flutter.plugins.firebase.functions.FlutterFirebaseAppRegistrar"
77-->[:cloud_functions] AndroidManifest.xml:10:17-128
78                android:value="com.google.firebase.components.ComponentRegistrar" />
78-->[:cloud_functions] AndroidManifest.xml:11:17-82
79            <meta-data
79-->[:firebase_analytics] AndroidManifest.xml:13:13-15:85
80                android:name="com.google.firebase.components:io.flutter.plugins.firebase.analytics.FlutterFirebaseAppRegistrar"
80-->[:firebase_analytics] AndroidManifest.xml:14:17-128
81                android:value="com.google.firebase.components.ComponentRegistrar" />
81-->[:firebase_analytics] AndroidManifest.xml:15:17-82
82            <meta-data
82-->[:cloud_firestore] AndroidManifest.xml:9:13-11:85
83                android:name="com.google.firebase.components:io.flutter.plugins.firebase.firestore.FlutterFirebaseFirestoreRegistrar"
83-->[:cloud_firestore] AndroidManifest.xml:10:17-134
84                android:value="com.google.firebase.components.ComponentRegistrar" />
84-->[:cloud_firestore] AndroidManifest.xml:11:17-82
85            <meta-data
85-->[:firebase_auth] AndroidManifest.xml:9:13-11:85
86                android:name="com.google.firebase.components:io.flutter.plugins.firebase.auth.FlutterFirebaseAuthRegistrar"
86-->[:firebase_auth] AndroidManifest.xml:10:17-124
87                android:value="com.google.firebase.components.ComponentRegistrar" />
87-->[:firebase_auth] AndroidManifest.xml:11:17-82
88            <meta-data
88-->[:firebase_crashlytics] AndroidManifest.xml:9:13-11:85
89                android:name="com.google.firebase.components:io.flutter.plugins.firebase.crashlytics.FlutterFirebaseAppRegistrar"
89-->[:firebase_crashlytics] AndroidManifest.xml:10:17-130
90                android:value="com.google.firebase.components.ComponentRegistrar" />
90-->[:firebase_crashlytics] AndroidManifest.xml:11:17-82
91            <meta-data
91-->[:firebase_messaging] AndroidManifest.xml:36:13-38:85
92                android:name="com.google.firebase.components:io.flutter.plugins.firebase.messaging.FlutterFirebaseAppRegistrar"
92-->[:firebase_messaging] AndroidManifest.xml:37:17-128
93                android:value="com.google.firebase.components.ComponentRegistrar" />
93-->[:firebase_messaging] AndroidManifest.xml:38:17-82
94            <meta-data
94-->[:firebase_storage] AndroidManifest.xml:9:13-11:85
95                android:name="com.google.firebase.components:io.flutter.plugins.firebase.storage.FlutterFirebaseAppRegistrar"
95-->[:firebase_storage] AndroidManifest.xml:10:17-126
96                android:value="com.google.firebase.components.ComponentRegistrar" />
96-->[:firebase_storage] AndroidManifest.xml:11:17-82
97            <meta-data
97-->[:firebase_core] AndroidManifest.xml:9:13-11:85
98                android:name="com.google.firebase.components:io.flutter.plugins.firebase.core.FlutterFirebaseCoreRegistrar"
98-->[:firebase_core] AndroidManifest.xml:10:17-124
99                android:value="com.google.firebase.components.ComponentRegistrar" />
99-->[:firebase_core] AndroidManifest.xml:11:17-82
100            <meta-data
100-->[com.google.firebase:firebase-crashlytics:20.0.0] AndroidManifest.xml:15:13-17:85
101                android:name="com.google.firebase.components:com.google.firebase.crashlytics.FirebaseCrashlyticsKtxRegistrar"
101-->[com.google.firebase:firebase-crashlytics:20.0.0] AndroidManifest.xml:16:17-126
102                android:value="com.google.firebase.components.ComponentRegistrar" />
102-->[com.google.firebase:firebase-crashlytics:20.0.0] AndroidManifest.xml:17:17-82
103            <meta-data
103-->[com.google.firebase:firebase-crashlytics:20.0.0] AndroidManifest.xml:18:13-20:85
104                android:name="com.google.firebase.components:com.google.firebase.crashlytics.CrashlyticsRegistrar"
104-->[com.google.firebase:firebase-crashlytics:20.0.0] AndroidManifest.xml:19:17-115
105                android:value="com.google.firebase.components.ComponentRegistrar" />
105-->[com.google.firebase:firebase-crashlytics:20.0.0] AndroidManifest.xml:20:17-82
106            <meta-data
106-->[com.google.firebase:firebase-firestore:26.0.0] AndroidManifest.xml:17:13-19:85
107                android:name="com.google.firebase.components:com.google.firebase.firestore.FirebaseFirestoreKtxRegistrar"
107-->[com.google.firebase:firebase-firestore:26.0.0] AndroidManifest.xml:18:17-122
108                android:value="com.google.firebase.components.ComponentRegistrar" />
108-->[com.google.firebase:firebase-firestore:26.0.0] AndroidManifest.xml:19:17-82
109            <meta-data
109-->[com.google.firebase:firebase-firestore:26.0.0] AndroidManifest.xml:20:13-22:85
110                android:name="com.google.firebase.components:com.google.firebase.firestore.FirestoreRegistrar"
110-->[com.google.firebase:firebase-firestore:26.0.0] AndroidManifest.xml:21:17-111
111                android:value="com.google.firebase.components.ComponentRegistrar" />
111-->[com.google.firebase:firebase-firestore:26.0.0] AndroidManifest.xml:22:17-82
112            <meta-data
112-->[com.google.firebase:firebase-functions:22.0.0] AndroidManifest.xml:15:13-17:85
113                android:name="com.google.firebase.components:com.google.firebase.functions.FirebaseFunctionsKtxRegistrar"
113-->[com.google.firebase:firebase-functions:22.0.0] AndroidManifest.xml:16:17-122
114                android:value="com.google.firebase.components.ComponentRegistrar" />
114-->[com.google.firebase:firebase-functions:22.0.0] AndroidManifest.xml:17:17-82
115            <meta-data
115-->[com.google.firebase:firebase-functions:22.0.0] AndroidManifest.xml:18:13-20:85
116                android:name="com.google.firebase.components:com.google.firebase.functions.FunctionsRegistrar"
116-->[com.google.firebase:firebase-functions:22.0.0] AndroidManifest.xml:19:17-111
117                android:value="com.google.firebase.components.ComponentRegistrar" />
117-->[com.google.firebase:firebase-functions:22.0.0] AndroidManifest.xml:20:17-82
118            <meta-data
118-->[com.google.firebase:firebase-auth:24.0.1] AndroidManifest.xml:69:13-71:85
119                android:name="com.google.firebase.components:com.google.firebase.auth.FirebaseAuthRegistrar"
119-->[com.google.firebase:firebase-auth:24.0.1] AndroidManifest.xml:70:17-109
120                android:value="com.google.firebase.components.ComponentRegistrar" />
120-->[com.google.firebase:firebase-auth:24.0.1] AndroidManifest.xml:71:17-82
121            <meta-data
121-->[com.google.firebase:firebase-iid:21.1.0] AndroidManifest.xml:32:13-34:85
122                android:name="com.google.firebase.components:com.google.firebase.iid.Registrar"
122-->[com.google.firebase:firebase-iid:21.1.0] AndroidManifest.xml:33:17-96
123                android:value="com.google.firebase.components.ComponentRegistrar" />
123-->[com.google.firebase:firebase-iid:21.1.0] AndroidManifest.xml:34:17-82
124            <meta-data
124-->[com.google.android.gms:play-services-measurement-api:23.0.0] AndroidManifest.xml:33:13-35:85
125                android:name="com.google.firebase.components:com.google.firebase.analytics.connector.internal.AnalyticsConnectorRegistrar"
125-->[com.google.android.gms:play-services-measurement-api:23.0.0] AndroidManifest.xml:34:17-139
126                android:value="com.google.firebase.components.ComponentRegistrar" />
126-->[com.google.android.gms:play-services-measurement-api:23.0.0] AndroidManifest.xml:35:17-82
127            <meta-data
127-->[com.google.firebase:firebase-sessions:3.0.0] AndroidManifest.xml:25:13-27:85
128                android:name="com.google.firebase.components:com.google.firebase.sessions.FirebaseSessionsRegistrar"
128-->[com.google.firebase:firebase-sessions:3.0.0] AndroidManifest.xml:26:17-117
129                android:value="com.google.firebase.components.ComponentRegistrar" />
129-->[com.google.firebase:firebase-sessions:3.0.0] AndroidManifest.xml:27:17-82
130            <meta-data
130-->[com.google.firebase:firebase-messaging:25.0.0] AndroidManifest.xml:57:13-59:85
131                android:name="com.google.firebase.components:com.google.firebase.messaging.FirebaseMessagingKtxRegistrar"
131-->[com.google.firebase:firebase-messaging:25.0.0] AndroidManifest.xml:58:17-122
132                android:value="com.google.firebase.components.ComponentRegistrar" />
132-->[com.google.firebase:firebase-messaging:25.0.0] AndroidManifest.xml:59:17-82
133            <meta-data
133-->[com.google.firebase:firebase-messaging:25.0.0] AndroidManifest.xml:60:13-62:85
134                android:name="com.google.firebase.components:com.google.firebase.messaging.FirebaseMessagingRegistrar"
134-->[com.google.firebase:firebase-messaging:25.0.0] AndroidManifest.xml:61:17-119
135                android:value="com.google.firebase.components.ComponentRegistrar" />
135-->[com.google.firebase:firebase-messaging:25.0.0] AndroidManifest.xml:62:17-82
136            <meta-data
136-->[com.google.firebase:firebase-storage:22.0.0] AndroidManifest.xml:30:13-32:85
137                android:name="com.google.firebase.components:com.google.firebase.storage.FirebaseStorageKtxRegistrar"
137-->[com.google.firebase:firebase-storage:22.0.0] AndroidManifest.xml:31:17-118
138                android:value="com.google.firebase.components.ComponentRegistrar" />
138-->[com.google.firebase:firebase-storage:22.0.0] AndroidManifest.xml:32:17-82
139            <meta-data
139-->[com.google.firebase:firebase-storage:22.0.0] AndroidManifest.xml:33:13-35:85
140                android:name="com.google.firebase.components:com.google.firebase.storage.StorageRegistrar"
140-->[com.google.firebase:firebase-storage:22.0.0] AndroidManifest.xml:34:17-107
141                android:value="com.google.firebase.components.ComponentRegistrar" />
141-->[com.google.firebase:firebase-storage:22.0.0] AndroidManifest.xml:35:17-82
142            <meta-data
142-->[com.google.firebase:firebase-installations:19.0.0] AndroidManifest.xml:15:13-17:85
143                android:name="com.google.firebase.components:com.google.firebase.installations.FirebaseInstallationsKtxRegistrar"
143-->[com.google.firebase:firebase-installations:19.0.0] AndroidManifest.xml:16:17-130
144                android:value="com.google.firebase.components.ComponentRegistrar" />
144-->[com.google.firebase:firebase-installations:19.0.0] AndroidManifest.xml:17:17-82
145            <meta-data
145-->[com.google.firebase:firebase-installations:19.0.0] AndroidManifest.xml:18:13-20:85
146                android:name="com.google.firebase.components:com.google.firebase.installations.FirebaseInstallationsRegistrar"
146-->[com.google.firebase:firebase-installations:19.0.0] AndroidManifest.xml:19:17-127
147                android:value="com.google.firebase.components.ComponentRegistrar" />
147-->[com.google.firebase:firebase-installations:19.0.0] AndroidManifest.xml:20:17-82
148            <meta-data
148-->[com.google.firebase:firebase-common:22.0.0] AndroidManifest.xml:35:13-37:85
149                android:name="com.google.firebase.components:com.google.firebase.FirebaseCommonKtxRegistrar"
149-->[com.google.firebase:firebase-common:22.0.0] AndroidManifest.xml:36:17-109
150                android:value="com.google.firebase.components.ComponentRegistrar" />
150-->[com.google.firebase:firebase-common:22.0.0] AndroidManifest.xml:37:17-82
151            <meta-data
151-->[com.google.firebase:firebase-appcheck:19.0.0] AndroidManifest.xml:25:13-27:85
152                android:name="com.google.firebase.components:com.google.firebase.appcheck.FirebaseAppCheckKtxRegistrar"
152-->[com.google.firebase:firebase-appcheck:19.0.0] AndroidManifest.xml:26:17-120
153                android:value="com.google.firebase.components.ComponentRegistrar" />
153-->[com.google.firebase:firebase-appcheck:19.0.0] AndroidManifest.xml:27:17-82
154            <meta-data
154-->[com.google.firebase:firebase-appcheck:19.0.0] AndroidManifest.xml:28:13-30:85
155                android:name="com.google.firebase.components:com.google.firebase.appcheck.FirebaseAppCheckRegistrar"
155-->[com.google.firebase:firebase-appcheck:19.0.0] AndroidManifest.xml:29:17-117
156                android:value="com.google.firebase.components.ComponentRegistrar" />
156-->[com.google.firebase:firebase-appcheck:19.0.0] AndroidManifest.xml:30:17-82
157            <meta-data
157-->[com.google.firebase:firebase-datatransport:19.0.0] AndroidManifest.xml:25:13-27:85
158                android:name="com.google.firebase.components:com.google.firebase.datatransport.TransportRegistrar"
158-->[com.google.firebase:firebase-datatransport:19.0.0] AndroidManifest.xml:26:17-115
159                android:value="com.google.firebase.components.ComponentRegistrar" />
159-->[com.google.firebase:firebase-datatransport:19.0.0] AndroidManifest.xml:27:17-82
160        </service>
161        <service
161-->[:firebase_messaging] AndroidManifest.xml:14:9-17:72
162            android:name="io.flutter.plugins.firebase.messaging.FlutterFirebaseMessagingBackgroundService"
162-->[:firebase_messaging] AndroidManifest.xml:15:13-107
163            android:exported="false"
163-->[:firebase_messaging] AndroidManifest.xml:16:13-37
164            android:permission="android.permission.BIND_JOB_SERVICE" />
164-->[:firebase_messaging] AndroidManifest.xml:17:13-69
165        <service
165-->[:firebase_messaging] AndroidManifest.xml:18:9-24:19
166            android:name="io.flutter.plugins.firebase.messaging.FlutterFirebaseMessagingService"
166-->[:firebase_messaging] AndroidManifest.xml:19:13-97
167            android:exported="false" >
167-->[:firebase_messaging] AndroidManifest.xml:20:13-37
168            <intent-filter>
168-->[:firebase_messaging] AndroidManifest.xml:21:13-23:29
169                <action android:name="com.google.firebase.MESSAGING_EVENT" />
169-->[:firebase_messaging] AndroidManifest.xml:22:17-78
169-->[:firebase_messaging] AndroidManifest.xml:22:25-75
170            </intent-filter>
171        </service>
172
173        <receiver
173-->[:firebase_messaging] AndroidManifest.xml:26:9-33:20
174            android:name="io.flutter.plugins.firebase.messaging.FlutterFirebaseMessagingReceiver"
174-->[:firebase_messaging] AndroidManifest.xml:27:13-98
175            android:exported="true"
175-->[:firebase_messaging] AndroidManifest.xml:28:13-36
176            android:permission="com.google.android.c2dm.permission.SEND" >
176-->[:firebase_messaging] AndroidManifest.xml:29:13-73
177            <intent-filter>
177-->[:firebase_messaging] AndroidManifest.xml:30:13-32:29
178                <action android:name="com.google.android.c2dm.intent.RECEIVE" />
178-->[:firebase_messaging] AndroidManifest.xml:31:17-81
178-->[:firebase_messaging] AndroidManifest.xml:31:25-78
179            </intent-filter>
180        </receiver>
181
182        <provider
182-->[:firebase_messaging] AndroidManifest.xml:41:9-45:38
183            android:name="io.flutter.plugins.firebase.messaging.FlutterFirebaseMessagingInitProvider"
183-->[:firebase_messaging] AndroidManifest.xml:42:13-102
184            android:authorities="com.catchy.fabricmarket.flutterfirebasemessaginginitprovider"
184-->[:firebase_messaging] AndroidManifest.xml:43:13-88
185            android:exported="false"
185-->[:firebase_messaging] AndroidManifest.xml:44:13-37
186            android:initOrder="99" />
186-->[:firebase_messaging] AndroidManifest.xml:45:13-35
187        <provider
187-->[:image_picker_android] AndroidManifest.xml:9:9-17:20
188            android:name="io.flutter.plugins.imagepicker.ImagePickerFileProvider"
188-->[:image_picker_android] AndroidManifest.xml:10:13-82
189            android:authorities="com.catchy.fabricmarket.flutter.image_provider"
189-->[:image_picker_android] AndroidManifest.xml:11:13-74
190            android:exported="false"
190-->[:image_picker_android] AndroidManifest.xml:12:13-37
191            android:grantUriPermissions="true" >
191-->[:image_picker_android] AndroidManifest.xml:13:13-47
192            <meta-data
192-->src\main\AndroidManifest.xml:36:13-38:64
193                android:name="android.support.FILE_PROVIDER_PATHS"
193-->src\main\AndroidManifest.xml:37:17-67
194                android:resource="@xml/flutter_image_picker_file_paths" />
194-->src\main\AndroidManifest.xml:38:17-51
195        </provider> <!-- Trigger Google Play services to install the backported photo picker module. -->
196        <service
196-->[:image_picker_android] AndroidManifest.xml:19:9-31:19
197            android:name="com.google.android.gms.metadata.ModuleDependencies"
197-->[:image_picker_android] AndroidManifest.xml:20:13-78
198            android:enabled="false"
198-->[:image_picker_android] AndroidManifest.xml:21:13-36
199            android:exported="false" >
199-->[:image_picker_android] AndroidManifest.xml:22:13-37
200            <intent-filter>
200-->[:image_picker_android] AndroidManifest.xml:24:13-26:29
201                <action android:name="com.google.android.gms.metadata.MODULE_DEPENDENCIES" />
201-->[:image_picker_android] AndroidManifest.xml:25:17-94
201-->[:image_picker_android] AndroidManifest.xml:25:25-91
202            </intent-filter>
203
204            <meta-data
204-->[:image_picker_android] AndroidManifest.xml:28:13-30:36
205                android:name="photopicker_activity:0:required"
205-->[:image_picker_android] AndroidManifest.xml:29:17-63
206                android:value="" />
206-->[:image_picker_android] AndroidManifest.xml:30:17-33
207        </service>
208
209        <activity
209-->[:url_launcher_android] AndroidManifest.xml:8:9-11:74
210            android:name="io.flutter.plugins.urllauncher.WebViewActivity"
210-->[:url_launcher_android] AndroidManifest.xml:9:13-74
211            android:exported="false"
211-->[:url_launcher_android] AndroidManifest.xml:10:13-37
212            android:theme="@android:style/Theme.NoTitleBar.Fullscreen" />
212-->[:url_launcher_android] AndroidManifest.xml:11:13-71
213        <activity
213-->[com.google.firebase:firebase-auth:24.0.1] AndroidManifest.xml:29:9-46:20
214            android:name="com.google.firebase.auth.internal.GenericIdpActivity"
214-->[com.google.firebase:firebase-auth:24.0.1] AndroidManifest.xml:30:13-80
215            android:excludeFromRecents="true"
215-->[com.google.firebase:firebase-auth:24.0.1] AndroidManifest.xml:31:13-46
216            android:exported="true"
216-->[com.google.firebase:firebase-auth:24.0.1] AndroidManifest.xml:32:13-36
217            android:launchMode="singleTask"
217-->[com.google.firebase:firebase-auth:24.0.1] AndroidManifest.xml:33:13-44
218            android:theme="@android:style/Theme.Translucent.NoTitleBar" >
218-->[com.google.firebase:firebase-auth:24.0.1] AndroidManifest.xml:34:13-72
219            <intent-filter>
219-->[com.google.firebase:firebase-auth:24.0.1] AndroidManifest.xml:35:13-45:29
220                <action android:name="android.intent.action.VIEW" />
220-->[com.google.firebase:firebase-auth:24.0.1] AndroidManifest.xml:36:17-69
220-->[com.google.firebase:firebase-auth:24.0.1] AndroidManifest.xml:36:25-66
221
222                <category android:name="android.intent.category.DEFAULT" />
222-->[com.google.firebase:firebase-auth:24.0.1] AndroidManifest.xml:38:17-76
222-->[com.google.firebase:firebase-auth:24.0.1] AndroidManifest.xml:38:27-73
223                <category android:name="android.intent.category.BROWSABLE" />
223-->[com.google.firebase:firebase-auth:24.0.1] AndroidManifest.xml:39:17-78
223-->[com.google.firebase:firebase-auth:24.0.1] AndroidManifest.xml:39:27-75
224
225                <data
225-->[com.google.firebase:firebase-auth:24.0.1] AndroidManifest.xml:41:17-44:51
226                    android:host="firebase.auth"
226-->[com.google.firebase:firebase-auth:24.0.1] AndroidManifest.xml:42:21-49
227                    android:path="/"
227-->[com.google.firebase:firebase-auth:24.0.1] AndroidManifest.xml:43:21-37
228                    android:scheme="genericidp" />
228-->[com.google.firebase:firebase-auth:24.0.1] AndroidManifest.xml:44:21-48
229            </intent-filter>
230        </activity>
231        <activity
231-->[com.google.firebase:firebase-auth:24.0.1] AndroidManifest.xml:47:9-64:20
232            android:name="com.google.firebase.auth.internal.RecaptchaActivity"
232-->[com.google.firebase:firebase-auth:24.0.1] AndroidManifest.xml:48:13-79
233            android:excludeFromRecents="true"
233-->[com.google.firebase:firebase-auth:24.0.1] AndroidManifest.xml:49:13-46
234            android:exported="true"
234-->[com.google.firebase:firebase-auth:24.0.1] AndroidManifest.xml:50:13-36
235            android:launchMode="singleTask"
235-->[com.google.firebase:firebase-auth:24.0.1] AndroidManifest.xml:51:13-44
236            android:theme="@android:style/Theme.Translucent.NoTitleBar" >
236-->[com.google.firebase:firebase-auth:24.0.1] AndroidManifest.xml:52:13-72
237            <intent-filter>
237-->[com.google.firebase:firebase-auth:24.0.1] AndroidManifest.xml:53:13-63:29
238                <action android:name="android.intent.action.VIEW" />
238-->[com.google.firebase:firebase-auth:24.0.1] AndroidManifest.xml:36:17-69
238-->[com.google.firebase:firebase-auth:24.0.1] AndroidManifest.xml:36:25-66
239
240                <category android:name="android.intent.category.DEFAULT" />
240-->[com.google.firebase:firebase-auth:24.0.1] AndroidManifest.xml:38:17-76
240-->[com.google.firebase:firebase-auth:24.0.1] AndroidManifest.xml:38:27-73
241                <category android:name="android.intent.category.BROWSABLE" />
241-->[com.google.firebase:firebase-auth:24.0.1] AndroidManifest.xml:39:17-78
241-->[com.google.firebase:firebase-auth:24.0.1] AndroidManifest.xml:39:27-75
242
243                <data
243-->[com.google.firebase:firebase-auth:24.0.1] AndroidManifest.xml:41:17-44:51
244                    android:host="firebase.auth"
244-->[com.google.firebase:firebase-auth:24.0.1] AndroidManifest.xml:42:21-49
245                    android:path="/"
245-->[com.google.firebase:firebase-auth:24.0.1] AndroidManifest.xml:43:21-37
246                    android:scheme="recaptcha" />
246-->[com.google.firebase:firebase-auth:24.0.1] AndroidManifest.xml:44:21-48
247            </intent-filter>
248        </activity>
249
250        <uses-library